android/app/build/intermediates/manifest_merge_blame_file/debug/manifest-merger-blame-debug-report.txt
1<?xml version="1.0" encoding="utf-8"?>
2<manifest xmlns:android="http://schemas.android.com/apk/res/android"
3    package="com.example.partner"
4    android:versionCode="1"
5    android:versionName="1.0.0" >
6
7    <uses-sdk
8        android:minSdkVersion="21"
9        android:targetSdkVersion="34" />
10    <!--
11         The INTERNET permission is required for development. Specifically,
12         the Flutter tool needs it to communicate with the running application
13         to allow setting breakpoints, to provide hot reload, etc.
14    -->
15    <uses-permission android:name="android.permission.INTERNET" />
15-->src\debug\AndroidManifest.xml:6:5-66
15-->src\debug\AndroidManifest.xml:6:22-64
16    <!--
17     Required to query activities that can process text, see:
18         https://developer.android.com/training/package-visibility and
19         https://developer.android.com/reference/android/content/Intent#ACTION_PROCESS_TEXT.
20
21         In particular, this is used by the Flutter engine in io.flutter.plugin.text.ProcessTextPlugin.
22    -->
23    <queries>
23-->src\main\AndroidManifest.xml:39:5-44:15
24        <intent>
24-->src\main\AndroidManifest.xml:40:9-43:18
25            <action android:name="android.intent.action.PROCESS_TEXT" />
25-->src\main\AndroidManifest.xml:41:13-72
25-->src\main\AndroidManifest.xml:41:21-70
26
27            <data android:mimeType="text/plain" />
27-->src\main\AndroidManifest.xml:42:13-50
27-->src\main\AndroidManifest.xml:42:19-48
28        </intent>
29    </queries>
30
31    <uses-permission android:name="android.permission.ACCESS_COARSE_LOCATION" />
31-->[:location] AndroidManifest.xml:7:5-81
31-->[:location] AndroidManifest.xml:7:22-78
32    <uses-permission android:name="android.permission.ACCESS_FINE_LOCATION" />
32-->[:location] AndroidManifest.xml:8:5-79
32-->[:location] AndroidManifest.xml:8:22-76
33
34    <permission
34-->[androidx.core:core:1.13.1] AndroidManifest.xml:22:5-24:47
35        android:name="com.example.partner.DYNAMIC_RECEIVER_NOT_EXPORTED_PERMISSION"
35-->[androidx.core:core:1.13.1] AndroidManifest.xml:23:9-81
36        android:protectionLevel="signature" />
36-->[androidx.core:core:1.13.1] AndroidManifest.xml:24:9-44
37
38    <uses-permission android:name="com.example.partner.DYNAMIC_RECEIVER_NOT_EXPORTED_PERMISSION" />
38-->[androidx.core:core:1.13.1] AndroidManifest.xml:26:5-97
38-->[androidx.core:core:1.13.1] AndroidManifest.xml:26:22-94
39
40    <application
41        android:name="android.app.Application"
42        android:appComponentFactory="androidx.core.app.CoreComponentFactory"
42-->[androidx.core:core:1.13.1] AndroidManifest.xml:28:18-86
43        android:debuggable="true"
44        android:extractNativeLibs="true"
45        android:icon="@mipmap/ic_launcher"
46        android:label="partner" >
47        <activity
48            android:name="com.example.partner.MainActivity"
49            android:configChanges="orientation|keyboardHidden|keyboard|screenSize|smallestScreenSize|locale|layoutDirection|fontScale|screenLayout|density|uiMode"
50            android:exported="true"
51            android:hardwareAccelerated="true"
52            android:launchMode="singleTop"
53            android:taskAffinity=""
54            android:theme="@style/LaunchTheme"
55            android:windowSoftInputMode="adjustResize" >
56
57            <!--
58                 Specifies an Android theme to apply to this Activity as soon as
59                 the Android process has started. This theme is visible to the user
60                 while the Flutter UI initializes. After that, this theme continues
61                 to determine the Window background behind the Flutter UI.
62            -->
63            <meta-data
64                android:name="io.flutter.embedding.android.NormalTheme"
65                android:resource="@style/NormalTheme" />
66
67            <intent-filter>
68                <action android:name="android.intent.action.MAIN" />
69
70                <category android:name="android.intent.category.LAUNCHER" />
71            </intent-filter>
72        </activity>
73        <!--
74             Don't delete the meta-data below.
75             This is used by the Flutter tool to generate GeneratedPluginRegistrant.java
76        -->
77        <meta-data
78            android:name="flutterEmbedding"
79            android:value="2" />
80
81        <service
81-->[:location] AndroidManifest.xml:11:9-15:56
82            android:name="com.lyokone.location.FlutterLocationService"
82-->[:location] AndroidManifest.xml:12:13-71
83            android:enabled="true"
83-->[:location] AndroidManifest.xml:13:13-35
84            android:exported="false"
84-->[:location] AndroidManifest.xml:14:13-37
85            android:foregroundServiceType="location" />
85-->[:location] AndroidManifest.xml:15:13-53
86
87        <activity
87-->[:url_launcher_android] AndroidManifest.xml:8:9-11:74
88            android:name="io.flutter.plugins.urllauncher.WebViewActivity"
88-->[:url_launcher_android] AndroidManifest.xml:9:13-74
89            android:exported="false"
89-->[:url_launcher_android] AndroidManifest.xml:10:13-37
90            android:theme="@android:style/Theme.NoTitleBar.Fullscreen" />
90-->[:url_launcher_android] AndroidManifest.xml:11:13-71
91
92        <uses-library
92-->[androidx.window:window:1.2.0] AndroidManifest.xml:23:9-25:40
93            android:name="androidx.window.extensions"
93-->[androidx.window:window:1.2.0] AndroidManifest.xml:24:13-54
94            android:required="false" />
94-->[androidx.window:window:1.2.0] AndroidManifest.xml:25:13-37
95        <uses-library
95-->[androidx.window:window:1.2.0] AndroidManifest.xml:26:9-28:40
96            android:name="androidx.window.sidecar"
96-->[androidx.window:window:1.2.0] AndroidManifest.xml:27:13-51
97            android:required="false" />
97-->[androidx.window:window:1.2.0] AndroidManifest.xml:28:13-37
98
99        <activity
99-->[com.google.android.gms:play-services-base:18.3.0] AndroidManifest.xml:20:9-22:45
100            android:name="com.google.android.gms.common.api.GoogleApiActivity"
100-->[com.google.android.gms:play-services-base:18.3.0] AndroidManifest.xml:20:19-85
101            android:exported="false"
101-->[com.google.android.gms:play-services-base:18.3.0] AndroidManifest.xml:22:19-43
102            android:theme="@android:style/Theme.Translucent.NoTitleBar" />
102-->[com.google.android.gms:play-services-base:18.3.0] AndroidManifest.xml:21:19-78
103
104        <meta-data
104-->[com.google.android.gms:play-services-basement:18.3.0] AndroidManifest.xml:21:9-23:69
105            android:name="com.google.android.gms.version"
105-->[com.google.android.gms:play-services-basement:18.3.0] AndroidManifest.xml:22:13-58
106            android:value="@integer/google_play_services_version" />
106-->[com.google.android.gms:play-services-basement:18.3.0] AndroidManifest.xml:23:13-66
107
108        <provider
108-->[androidx.lifecycle:lifecycle-process:2.7.0] AndroidManifest.xml:24:9-32:20
109            android:name="androidx.startup.InitializationProvider"
109-->[androidx.lifecycle:lifecycle-process:2.7.0] AndroidManifest.xml:25:13-67
110            android:authorities="com.example.partner.androidx-startup"
110-->[androidx.lifecycle:lifecycle-process:2.7.0] AndroidManifest.xml:26:13-68
111            android:exported="false" >
111-->[androidx.lifecycle:lifecycle-process:2.7.0] AndroidManifest.xml:27:13-37
112            <meta-data
112-->[androidx.lifecycle:lifecycle-process:2.7.0] AndroidManifest.xml:29:13-31:52
113                android:name="androidx.lifecycle.ProcessLifecycleInitializer"
113-->[androidx.lifecycle:lifecycle-process:2.7.0] AndroidManifest.xml:30:17-78
114                android:value="androidx.startup" />
114-->[androidx.lifecycle:lifecycle-process:2.7.0] AndroidManifest.xml:31:17-49
115            <meta-data
115-->[androidx.profileinstaller:profileinstaller:1.3.1] AndroidManifest.xml:29:13-31:52
116                android:name="androidx.profileinstaller.ProfileInstallerInitializer"
116-->[androidx.profileinstaller:profileinstaller:1.3.1] AndroidManifest.xml:30:17-85
117                android:value="androidx.startup" />
117-->[androidx.profileinstaller:profileinstaller:1.3.1] AndroidManifest.xml:31:17-49
118        </provider>
119
120        <receiver
120-->[androidx.profileinstaller:profileinstaller:1.3.1] AndroidManifest.xml:34:9-52:20
121            android:name="androidx.profileinstaller.ProfileInstallReceiver"
121-->[androidx.profileinstaller:profileinstaller:1.3.1] AndroidManifest.xml:35:13-76
122            android:directBootAware="false"
122-->[androidx.profileinstaller:profileinstaller:1.3.1] AndroidManifest.xml:36:13-44
123            android:enabled="true"
123-->[androidx.profileinstaller:profileinstaller:1.3.1] AndroidManifest.xml:37:13-35
124            android:exported="true"
124-->[androidx.profileinstaller:profileinstaller:1.3.1] AndroidManifest.xml:38:13-36
125            android:permission="android.permission.DUMP" >
125-->[androidx.profileinstaller:profileinstaller:1.3.1] AndroidManifest.xml:39:13-57
126            <intent-filter>
126-->[androidx.profileinstaller:profileinstaller:1.3.1] AndroidManifest.xml:40:13-42:29
127                <action android:name="androidx.profileinstaller.action.INSTALL_PROFILE" />
127-->[androidx.profileinstaller:profileinstaller:1.3.1] AndroidManifest.xml:41:17-91
127-->[androidx.profileinstaller:profileinstaller:1.3.1] AndroidManifest.xml:41:25-88
128            </intent-filter>
129            <intent-filter>
129-->[androidx.profileinstaller:profileinstaller:1.3.1] AndroidManifest.xml:43:13-45:29
130                <action android:name="androidx.profileinstaller.action.SKIP_FILE" />
130-->[androidx.profileinstaller:profileinstaller:1.3.1] AndroidManifest.xml:44:17-85
130-->[androidx.profileinstaller:profileinstaller:1.3.1] AndroidManifest.xml:44:25-82
131            </intent-filter>
132            <intent-filter>
132-->[androidx.profileinstaller:profileinstaller:1.3.1] AndroidManifest.xml:46:13-48:29
133                <action android:name="androidx.profileinstaller.action.SAVE_PROFILE" />
133-->[androidx.profileinstaller:profileinstaller:1.3.1] AndroidManifest.xml:47:17-88
133-->[androidx.profileinstaller:profileinstaller:1.3.1] AndroidManifest.xml:47:25-85
134            </intent-filter>
135            <intent-filter>
135-->[androidx.profileinstaller:profileinstaller:1.3.1] AndroidManifest.xml:49:13-51:29
136                <action android:name="androidx.profileinstaller.action.BENCHMARK_OPERATION" />
136-->[androidx.profileinstaller:profileinstaller:1.3.1] AndroidManifest.xml:50:17-95
136-->[androidx.profileinstaller:profileinstaller:1.3.1] AndroidManifest.xml:50:25-92
137            </intent-filter>
138        </receiver>
139    </application>
140
141</manifest>